TN:
SF:src/App.tsx
FN:1,(empty-report)
FNF:1
FNH:0
FNDA:0,(empty-report)
DA:1,0
DA:2,0
DA:5,0
DA:7,0
DA:8,0
DA:9,0
DA:10,0
DA:12,0
DA:14,0
LF:9
LH:0
BRDA:1,0,0,0
BRF:1
BRH:0
end_of_record
TN:
SF:src/main.tsx
FN:1,(empty-report)
FNF:1
FNH:0
FNDA:0,(empty-report)
DA:1,0
DA:2,0
DA:3,0
DA:4,0
DA:6,0
DA:7,0
DA:8,0
DA:9,0
DA:10,0
LF:9
LH:0
BRDA:1,0,0,0
BRF:1
BRH:0
end_of_record
TN:
SF:src/vite-env.d.ts
FN:1,(empty-report)
FNF:1
FNH:1
FNDA:1,(empty-report)
LF:0
LH:0
BRDA:1,0,0,1
BRF:1
BRH:1
end_of_record
TN:
SF:src/api/useFinancialData.ts
FN:11,useFinancialData
FNF:1
FNH:1
FNDA:2,useFinancialData
DA:1,1
DA:9,1
DA:11,1
DA:12,2
DA:14,2
DA:15,1
DA:16,1
DA:17,1
DA:18,1
DA:19,2
DA:21,2
DA:22,2
LF:12
LH:12
BRDA:11,0,0,2
BRDA:14,1,0,1
BRDA:16,2,0,1
BRDA:17,3,0,1
BRF:4
BRH:4
end_of_record
TN:
SF:src/components/FinancialInstruments/FinancialInstruments.tsx
FN:11,FinancialInstruments
FNF:1
FNH:1
FNDA:1,FinancialInstruments
DA:1,1
DA:2,1
DA:3,1
DA:5,1
DA:6,1
DA:7,1
DA:8,1
DA:9,1
DA:11,1
DA:12,1
DA:14,1
DA:15,1
DA:16,1
DA:17,1
DA:18,1
DA:19,1
DA:20,1
DA:21,1
DA:23,1
LF:19
LH:19
BRDA:11,0,0,1
BRF:1
BRH:1
end_of_record
TN:
SF:src/components/FinancialInstruments/financialInstrumentsStyle.ts
FN:3,getRowBackgroundColor
FN:16,getCellClassName
FNF:2
FNH:2
FNDA:7,getRowBackgroundColor
FNDA:9,getCellClassName
DA:1,1
DA:3,1
DA:4,7
DA:5,7
DA:6,2
DA:7,7
DA:8,2
DA:9,7
DA:10,1
DA:11,7
DA:12,2
DA:13,7
DA:14,7
DA:16,1
DA:17,9
DA:18,4
DA:19,4
DA:20,5
DA:21,5
LF:19
LH:19
BRDA:3,0,0,7
BRDA:4,1,0,6
BRDA:5,2,0,2
BRDA:7,3,0,2
BRDA:9,4,0,1
BRDA:11,5,0,2
BRDA:16,6,0,9
BRDA:17,7,0,4
BRDA:18,8,0,3
BRDA:18,9,0,1
BRDA:19,10,0,5
BRF:11
BRH:11
end_of_record
TN:
SF:src/components/FinancialTable/FinancialTable.tsx
FN:12,FinancialTable
FN:31,onClick
FNF:2
FNH:1
FNDA:2,FinancialTable
FNDA:0,onClick
DA:1,1
DA:2,1
DA:3,1
DA:12,1
DA:13,2
DA:14,2
DA:15,2
DA:16,2
DA:17,2
DA:18,2
DA:20,2
DA:22,2
DA:23,2
DA:24,2
DA:25,2
DA:26,2
DA:27,2
DA:28,6
DA:29,6
DA:30,6
DA:31,6
DA:33,6
DA:34,6
DA:35,6
DA:36,2
DA:37,2
DA:38,2
DA:39,2
DA:40,2
DA:41,5
DA:43,5
DA:44,5
DA:45,5
DA:46,15
DA:47,15
DA:49,15
DA:50,15
DA:51,15
DA:52,15
DA:54,5
DA:55,5
DA:57,2
DA:58,2
DA:59,2
DA:60,2
DA:62,2
LF:46
LH:46
BRDA:12,0,0,2
BRDA:20,1,0,2
BRDA:27,2,0,6
BRDA:40,3,0,5
BRDA:41,4,0,2
BRDA:41,5,0,3
BRDA:45,6,0,15
BRDA:47,7,0,6
BRDA:47,8,0,9
BRF:9
BRH:9
end_of_record
TN:
SF:src/hooks/useTableSort.tsx
FN:9,useTableSort
FN:15,handleSort
FN:22,getSortArrow
FN:27,sortData
FNF:4
FNH:3
FNDA:2,useTableSort
FNDA:0,handleSort
FNDA:6,getSortArrow
FNDA:2,sortData
DA:1,1
DA:2,1
DA:9,1
DA:10,2
DA:11,2
DA:12,2
DA:13,2
DA:15,2
DA:16,0
DA:17,0
DA:18,0
DA:19,0
DA:20,0
DA:22,2
DA:23,6
DA:24,6
DA:25,6
DA:27,2
DA:28,2
DA:29,2
DA:30,2
DA:31,2
DA:32,3
DA:33,3
DA:34,2
DA:35,2
DA:36,2
DA:37,2
DA:39,2
DA:40,2
LF:30
LH:25
BRDA:9,0,0,2
BRDA:22,1,0,6
BRDA:23,2,0,4
BRDA:23,3,0,2
BRDA:24,4,0,0
BRDA:27,5,0,2
BRDA:31,6,0,3
BRDA:33,7,0,0
BRF:8
BRH:6
end_of_record
TN:
SF:src/utils/sortFinancialData.tsx
FN:10,sortByAssetClass
FN:17,sortByPrice
FN:19,sortByTicker
FNF:3
FNH:3
FNDA:11,sortByAssetClass
FNDA:4,sortByPrice
FNDA:6,sortByTicker
DA:6,1
DA:10,1
DA:11,11
DA:12,11
DA:13,11
DA:14,11
DA:15,11
DA:17,1
DA:19,1
DA:21,1
DA:22,1
DA:23,1
DA:24,1
DA:25,1
LF:14
LH:14
BRDA:10,0,0,11
BRDA:12,1,0,2
BRDA:12,2,0,2
BRDA:13,3,0,1
BRDA:13,4,0,1
BRDA:17,5,0,4
BRDA:19,6,0,6
BRF:7
BRH:7
end_of_record
