TN:
SF:src/App.tsx
FN:1,(empty-report)
FNF:1
FNH:0
FNDA:0,(empty-report)
DA:1,0
DA:3,0
DA:6,0
DA:8,0
DA:9,0
DA:10,0
DA:11,0
DA:13,0
DA:15,0
LF:9
LH:0
BRDA:1,0,0,0
BRF:1
BRH:0
end_of_record
TN:
SF:src/main.tsx
FN:1,(empty-report)
FNF:1
FNH:0
FNDA:0,(empty-report)
DA:1,0
DA:2,0
DA:4,0
DA:5,0
DA:6,0
DA:8,0
DA:9,0
DA:11,0
DA:13,0
DA:14,0
LF:10
LH:0
BRDA:1,0,0,0
BRF:1
BRH:0
end_of_record
TN:
SF:src/vite-env.d.ts
FN:1,(empty-report)
FNF:1
FNH:1
FNDA:1,(empty-report)
DA:3,0
LF:1
LH:0
BRDA:1,0,0,1
BRF:1
BRH:1
end_of_record
TN:
SF:src/api/useFinancialInstruments.ts
FN:6,useFinancialInstruments
FNF:1
FNH:1
FNDA:2,useFinancialInstruments
DA:1,1
DA:4,1
DA:6,1
DA:7,2
DA:9,2
DA:10,1
DA:11,1
DA:12,1
DA:13,1
DA:14,2
DA:16,2
DA:17,2
LF:12
LH:12
BRDA:6,0,0,2
BRDA:9,1,0,1
BRDA:11,2,0,1
BRDA:12,3,0,1
BRF:4
BRH:4
end_of_record
TN:
SF:src/components/FinancialInstruments/FinancialInstruments.tsx
FN:12,FinancialInstruments
FNF:1
FNH:1
FNDA:1,FinancialInstruments
DA:1,1
DA:2,1
DA:3,1
DA:6,1
DA:7,1
DA:8,1
DA:9,1
DA:10,1
DA:12,1
DA:13,1
DA:15,1
DA:16,1
DA:17,1
DA:18,1
DA:19,1
DA:20,1
DA:21,1
DA:22,1
DA:24,1
LF:19
LH:19
BRDA:12,0,0,1
BRF:1
BRH:1
end_of_record
TN:
SF:src/components/FinancialInstruments/financialInstrumentsStyle.ts
FN:4,getRowBackgroundColor
FN:17,getCellClassName
FNF:2
FNH:2
FNDA:5,getRowBackgroundColor
FNDA:8,getCellClassName
DA:2,1
DA:4,1
DA:5,5
DA:6,5
DA:7,2
DA:8,5
DA:9,2
DA:10,5
DA:11,1
DA:12,5
DA:13,0
DA:14,5
DA:15,5
DA:17,1
DA:18,8
DA:19,4
DA:20,4
DA:21,4
DA:22,4
LF:19
LH:18
BRDA:4,0,0,5
BRDA:6,1,0,2
BRDA:8,2,0,2
BRDA:10,3,0,1
BRDA:12,4,0,0
BRDA:17,5,0,8
BRDA:18,6,0,4
BRDA:19,7,0,3
BRDA:19,8,0,1
BRF:9
BRH:8
end_of_record
TN:
SF:src/components/FinancialTable/FinancialTable.tsx
FN:12,FinancialTable
FN:31,onClick
FNF:2
FNH:1
FNDA:2,FinancialTable
FNDA:0,onClick
DA:1,1
DA:2,1
DA:3,1
DA:12,1
DA:13,2
DA:14,2
DA:15,2
DA:16,2
DA:17,2
DA:18,2
DA:20,2
DA:22,2
DA:23,2
DA:24,2
DA:25,2
DA:26,2
DA:27,2
DA:28,6
DA:29,6
DA:30,6
DA:31,6
DA:33,6
DA:34,6
DA:35,6
DA:36,2
DA:37,2
DA:38,2
DA:39,2
DA:40,2
DA:41,5
DA:43,5
DA:44,5
DA:45,5
DA:46,15
DA:47,15
DA:49,15
DA:50,15
DA:51,15
DA:52,15
DA:54,5
DA:55,5
DA:57,2
DA:58,2
DA:59,2
DA:60,2
DA:62,2
LF:46
LH:46
BRDA:12,0,0,2
BRDA:20,1,0,2
BRDA:27,2,0,6
BRDA:40,3,0,5
BRDA:41,4,0,2
BRDA:41,5,0,3
BRDA:45,6,0,15
BRDA:47,7,0,6
BRDA:47,8,0,9
BRF:9
BRH:9
end_of_record
TN:
SF:src/hooks/useTableSort.tsx
FN:9,useTableSort
FN:15,handleSort
FN:22,getSortArrow
FN:27,sortData
FNF:4
FNH:4
FNDA:8,useTableSort
FNDA:3,handleSort
FNDA:9,getSortArrow
FNDA:5,sortData
DA:1,1
DA:2,1
DA:9,1
DA:10,8
DA:11,8
DA:12,8
DA:13,8
DA:15,8
DA:16,3
DA:17,3
DA:18,3
DA:19,3
DA:20,3
DA:22,8
DA:23,9
DA:24,9
DA:25,9
DA:27,8
DA:28,5
DA:29,5
DA:30,5
DA:31,5
DA:32,15
DA:33,15
DA:34,5
DA:35,5
DA:36,5
DA:37,5
DA:39,8
DA:40,8
LF:30
LH:30
BRDA:9,0,0,8
BRDA:15,1,0,3
BRDA:16,2,0,3
BRDA:18,3,0,2
BRDA:18,4,0,2
BRDA:18,5,0,1
BRDA:22,6,0,9
BRDA:23,7,0,5
BRDA:23,8,0,4
BRDA:24,9,0,3
BRDA:24,10,0,1
BRDA:27,11,0,5
BRDA:31,12,0,15
BRDA:33,13,0,11
BRDA:33,14,0,4
BRF:15
BRH:15
end_of_record
TN:
SF:src/utils/sortFinancialData.tsx
FN:10,sortByAssetClass
FN:17,sortByPrice
FN:18,sortByTicker
FNF:3
FNH:3
FNDA:11,sortByAssetClass
FNDA:12,sortByPrice
FNDA:10,sortByTicker
DA:6,1
DA:10,1
DA:11,11
DA:12,11
DA:13,11
DA:14,11
DA:15,11
DA:17,1
DA:18,1
DA:20,1
DA:21,1
DA:22,1
DA:23,1
DA:24,1
LF:14
LH:14
BRDA:10,0,0,11
BRDA:12,1,0,0
BRDA:12,2,0,2
BRDA:13,3,0,0
BRDA:13,4,0,1
BRDA:17,5,0,12
BRDA:18,6,0,10
BRF:7
BRH:5
end_of_record
